<?xml version="1.0" encoding="UTF-8"?>
<testsuites>
	<testsuite tests="1" errors="0" failures="1" time="0.006" timestamp="2015-05-28T10:34:23">
		<testcase classname="No Donuts" name="tells Homer good job for not eating donuts" time="0.003">
			<failure type="" message="ReferenceError: Can&amp;apos;t find variable: noDonuts in file:///Users/iancandy/development/labs/hs-js-homers-diet/spec/diet.spec.js (line 6)">
	at file:///Users/iancandy/development/labs/hs-js-homers-diet/spec/diet.spec.js:6:18
	at attemptSync (file:///Users/iancandy/.rvm/gems/ruby-2.2.1/gems/learn-co-1.0.3/lib/learn/jasmine/jasmine.js:1510:16)
	at run (file:///Users/iancandy/.rvm/gems/ruby-2.2.1/gems/learn-co-1.0.3/lib/learn/jasmine/jasmine.js:1498:20)
	at execute (file:///Users/iancandy/.rvm/gems/ruby-2.2.1/gems/learn-co-1.0.3/lib/learn/jasmine/jasmine.js:1485:13)
	at queueRunnerFactory (file:///Users/iancandy/.rvm/gems/ruby-2.2.1/gems/learn-co-1.0.3/lib/learn/jasmine/jasmine.js:518:42)
	at execute (file:///Users/iancandy/.rvm/gems/ruby-2.2.1/gems/learn-co-1.0.3/lib/learn/jasmine/jasmine.js:306:28)
	at file:///Users/iancandy/.rvm/gems/ruby-2.2.1/gems/learn-co-1.0.3/lib/learn/jasmine/jasmine.js:1708:44
	at attemptAsync (file:///Users/iancandy/.rvm/gems/ruby-2.2.1/gems/learn-co-1.0.3/lib/learn/jasmine/jasmine.js:1520:16)
	at run (file:///Users/iancandy/.rvm/gems/ruby-2.2.1/gems/learn-co-1.0.3/lib/learn/jasmine/jasmine.js:1496:28)
	at execute (file:///Users/iancandy/.rvm/gems/ruby-2.2.1/gems/learn-co-1.0.3/lib/learn/jasmine/jasmine.js:1485:13)
	at queueRunnerFactory (file:///Users/iancandy/.rvm/gems/ruby-2.2.1/gems/learn-co-1.0.3/lib/learn/jasmine/jasmine.js:518:42)
	at execute (file:///Users/iancandy/.rvm/gems/ruby-2.2.1/gems/learn-co-1.0.3/lib/learn/jasmine/jasmine.js:1694:21)
	at file:///Users/iancandy/.rvm/gems/ruby-2.2.1/gems/learn-co-1.0.3/lib/learn/jasmine/jasmine.js:1708:44
	at attemptAsync (file:///Users/iancandy/.rvm/gems/ruby-2.2.1/gems/learn-co-1.0.3/lib/learn/jasmine/jasmine.js:1520:16)
	at run (file:///Users/iancandy/.rvm/gems/ruby-2.2.1/gems/learn-co-1.0.3/lib/learn/jasmine/jasmine.js:1496:28)
	at execute (file:///Users/iancandy/.rvm/gems/ruby-2.2.1/gems/learn-co-1.0.3/lib/learn/jasmine/jasmine.js:1485:13)
	at queueRunnerFactory (file:///Users/iancandy/.rvm/gems/ruby-2.2.1/gems/learn-co-1.0.3/lib/learn/jasmine/jasmine.js:518:42)
	at execute (file:///Users/iancandy/.rvm/gems/ruby-2.2.1/gems/learn-co-1.0.3/lib/learn/jasmine/jasmine.js:1694:21)
	at file:///Users/iancandy/.rvm/gems/ruby-2.2.1/gems/learn-co-1.0.3/lib/learn/jasmine/jasmine.js:541:83
	at attemptAsync (file:///Users/iancandy/.rvm/gems/ruby-2.2.1/gems/learn-co-1.0.3/lib/learn/jasmine/jasmine.js:1520:16)
	at run (file:///Users/iancandy/.rvm/gems/ruby-2.2.1/gems/learn-co-1.0.3/lib/learn/jasmine/jasmine.js:1496:28)
	at execute (file:///Users/iancandy/.rvm/gems/ruby-2.2.1/gems/learn-co-1.0.3/lib/learn/jasmine/jasmine.js:1485:13)
	at queueRunnerFactory (file:///Users/iancandy/.rvm/gems/ruby-2.2.1/gems/learn-co-1.0.3/lib/learn/jasmine/jasmine.js:518:42)
	at execute (file:///Users/iancandy/.rvm/gems/ruby-2.2.1/gems/learn-co-1.0.3/lib/learn/jasmine/jasmine.js:548:25)
	at onload (file:///Users/iancandy/.rvm/gems/ruby-2.2.1/gems/learn-co-1.0.3/lib/learn/jasmine/boot.js:172:16)			</failure>
		</testcase>
	</testsuite>
</testsuites>

